<?xml version="1.0" encoding="UTF-8"?>
<!-- Generated by org.testng.reporters.JUnitXMLReporter -->
<testsuite ignored="0" hostname="MacBook-Pro.local" failures="0" tests="4" name="CheckoutPageTest" time="65.911" errors="0" timestamp="2022-10-31T14:06:28 IST">
  <testcase classname="PaymentFlowAutomation.testcases.CheckoutPageTest" name="selectPayNowWallet" time="2.649"/>
  <testcase classname="PaymentFlowAutomation.testcases.CheckoutPageTest" name="validateCheckoutAmount" time="10.114"/>
  <testcase classname="PaymentFlowAutomation.testcases.CheckoutPageTest" name="payNowWithoutPaymentOption" time="2.44"/>
  <testcase classname="PaymentFlowAutomation.testcases.CheckoutPageTest" name="enterCreditcardNumb" time="11.825"/>
</testsuite> <!-- CheckoutPageTest -->
