<?xml version="1.0" encoding="UTF-8"?>
<testng-results ignored="0" total="1" passed="1" failed="0" skipped="0">
  <reporter-output>
  </reporter-output>
  <suite started-at="2022-10-31T16:30:41 IST" name="Default suite" finished-at="2022-10-31T16:30:49 IST" duration-ms="7799">
    <groups>
    </groups>
    <test started-at="2022-10-31T16:30:41 IST" name="Default test" finished-at="2022-10-31T16:30:49 IST" duration-ms="7799">
      <class name="PaymentFlowAutomation.testcases.CheckoutPageTest">
        <test-method is-config="true" signature="SetUp()[pri:0, instance:PaymentFlowAutomation.testcases.CheckoutPageTest@2dc54ad4]" started-at="2022-10-31T16:30:42 IST" name="SetUp" finished-at="2022-10-31T16:30:47 IST" duration-ms="5542" status="PASS">
          <reporter-output>
          </reporter-output>
        </test-method> <!-- SetUp -->
        <test-method signature="selectbnplPaymentOption()[pri:0, instance:PaymentFlowAutomation.testcases.CheckoutPageTest@2dc54ad4]" started-at="2022-10-31T16:30:47 IST" name="selectbnplPaymentOption" finished-at="2022-10-31T16:30:49 IST" duration-ms="2210" status="PASS">
          <reporter-output>
          </reporter-output>
        </test-method> <!-- selectbnplPaymentOption -->
      </class> <!-- PaymentFlowAutomation.testcases.CheckoutPageTest -->
    </test> <!-- Default test -->
  </suite> <!-- Default suite -->
</testng-results>
